│
◇  Doctor warnings ─────────────────────────────────────────────╮
│                                                               │
│  - State dir migration skipped: target already exists         │
│    (/home/adiroyroy143/.openclaw). Remove or merge manually.  │
│                                                               │
├───────────────────────────────────────────────────────────────╯
[telegram] autoSelectFamily=true (default-node22)
[telegram] dnsResultOrder=ipv4first (default-node22)
✅ Sent via Telegram. Message ID: 904
│
◇  Doctor warnings ─────────────────────────────────────────────╮
│                                                               │
│  - State dir migration skipped: target already exists         │
│    (/home/adiroyroy143/.openclaw). Remove or merge manually.  │
│                                                               │
├───────────────────────────────────────────────────────────────╯
[telegram] autoSelectFamily=true (default-node22)
[telegram] dnsResultOrder=ipv4first (default-node22)
✅ Sent via Telegram. Message ID: 907
│
◇  Doctor warnings ─────────────────────────────────────────────╮
│                                                               │
│  - State dir migration skipped: target already exists         │
│    (/home/adiroyroy143/.openclaw). Remove or merge manually.  │
│                                                               │
├───────────────────────────────────────────────────────────────╯
[telegram] autoSelectFamily=true (default-node22)
[telegram] dnsResultOrder=ipv4first (default-node22)
✅ Sent via Telegram. Message ID: 910
│
◇  Doctor warnings ─────────────────────────────────────────────╮
│                                                               │
│  - State dir migration skipped: target already exists         │
│    (/home/adiroyroy143/.openclaw). Remove or merge manually.  │
│                                                               │
├───────────────────────────────────────────────────────────────╯
[telegram] autoSelectFamily=true (default-node22)
[telegram] dnsResultOrder=ipv4first (default-node22)
✅ Sent via Telegram. Message ID: 911
│
◇  Doctor warnings ─────────────────────────────────────────────╮
│                                                               │
│  - State dir migration skipped: target already exists         │
│    (/home/adiroyroy143/.openclaw). Remove or merge manually.  │
│                                                               │
├───────────────────────────────────────────────────────────────╯
[telegram] autoSelectFamily=true (default-node22)
[telegram] dnsResultOrder=ipv4first (default-node22)
✅ Sent via Telegram. Message ID: 912
│
◇  Doctor warnings ─────────────────────────────────────────────╮
│                                                               │
│  - State dir migration skipped: target already exists         │
│    (/home/adiroyroy143/.openclaw). Remove or merge manually.  │
│                                                               │
├───────────────────────────────────────────────────────────────╯
[telegram] autoSelectFamily=true (default-node22)
[telegram] dnsResultOrder=ipv4first (default-node22)
✅ Sent via Telegram. Message ID: 915
│
◇  Doctor warnings ─────────────────────────────────────────────╮
│                                                               │
│  - State dir migration skipped: target already exists         │
│    (/home/adiroyroy143/.openclaw). Remove or merge manually.  │
│                                                               │
├───────────────────────────────────────────────────────────────╯
[telegram] autoSelectFamily=true (default-node22)
[telegram] dnsResultOrder=ipv4first (default-node22)
✅ Sent via Telegram. Message ID: 916
│
◇  Doctor warnings ─────────────────────────────────────────────╮
│                                                               │
│  - State dir migration skipped: target already exists         │
│    (/home/adiroyroy143/.openclaw). Remove or merge manually.  │
│                                                               │
├───────────────────────────────────────────────────────────────╯
[telegram] autoSelectFamily=true (default-node22)
[telegram] dnsResultOrder=ipv4first (default-node22)
✅ Sent via Telegram. Message ID: 917
│
◇  Doctor warnings ─────────────────────────────────────────────╮
│                                                               │
│  - State dir migration skipped: target already exists         │
│    (/home/adiroyroy143/.openclaw). Remove or merge manually.  │
│                                                               │
├───────────────────────────────────────────────────────────────╯
[telegram] autoSelectFamily=true (default-node22)
[telegram] dnsResultOrder=ipv4first (default-node22)
✅ Sent via Telegram. Message ID: 920
│
◇  Doctor warnings ─────────────────────────────────────────────╮
│                                                               │
│  - State dir migration skipped: target already exists         │
│    (/home/adiroyroy143/.openclaw). Remove or merge manually.  │
│                                                               │
├───────────────────────────────────────────────────────────────╯
[telegram] autoSelectFamily=true (default-node22)
[telegram] dnsResultOrder=ipv4first (default-node22)
✅ Sent via Telegram. Message ID: 921
│
◇  Doctor warnings ─────────────────────────────────────────────╮
│                                                               │
│  - State dir migration skipped: target already exists         │
│    (/home/adiroyroy143/.openclaw). Remove or merge manually.  │
│                                                               │
├───────────────────────────────────────────────────────────────╯
[telegram] autoSelectFamily=true (default-node22)
[telegram] dnsResultOrder=ipv4first (default-node22)
✅ Sent via Telegram. Message ID: 922
│
◇  Doctor warnings ─────────────────────────────────────────────╮
│                                                               │
│  - State dir migration skipped: target already exists         │
│    (/home/adiroyroy143/.openclaw). Remove or merge manually.  │
│                                                               │
├───────────────────────────────────────────────────────────────╯
[telegram] autoSelectFamily=true (default-node22)
[telegram] dnsResultOrder=ipv4first (default-node22)
✅ Sent via Telegram. Message ID: 925
│
◇  Doctor warnings ─────────────────────────────────────────────╮
│                                                               │
│  - State dir migration skipped: target already exists         │
│    (/home/adiroyroy143/.openclaw). Remove or merge manually.  │
│                                                               │
├───────────────────────────────────────────────────────────────╯
[telegram] autoSelectFamily=true (default-node22)
[telegram] dnsResultOrder=ipv4first (default-node22)
✅ Sent via Telegram. Message ID: 926
│
◇  Doctor warnings ─────────────────────────────────────────────╮
│                                                               │
│  - State dir migration skipped: target already exists         │
│    (/home/adiroyroy143/.openclaw). Remove or merge manually.  │
│                                                               │
├───────────────────────────────────────────────────────────────╯
[telegram] autoSelectFamily=true (default-node22)
[telegram] dnsResultOrder=ipv4first (default-node22)
✅ Sent via Telegram. Message ID: 927
│
◇  Doctor warnings ─────────────────────────────────────────────╮
│                                                               │
│  - State dir migration skipped: target already exists         │
│    (/home/adiroyroy143/.openclaw). Remove or merge manually.  │
│                                                               │
├───────────────────────────────────────────────────────────────╯
[telegram] autoSelectFamily=true (default-node22)
[telegram] dnsResultOrder=ipv4first (default-node22)
✅ Sent via Telegram. Message ID: 930
│
◇  Doctor warnings ─────────────────────────────────────────────╮
│                                                               │
│  - State dir migration skipped: target already exists         │
│    (/home/adiroyroy143/.openclaw). Remove or merge manually.  │
│                                                               │
├───────────────────────────────────────────────────────────────╯
[telegram] autoSelectFamily=true (default-node22)
[telegram] dnsResultOrder=ipv4first (default-node22)
✅ Sent via Telegram. Message ID: 931
│
◇  Doctor warnings ─────────────────────────────────────────────╮
│                                                               │
│  - State dir migration skipped: target already exists         │
│    (/home/adiroyroy143/.openclaw). Remove or merge manually.  │
│                                                               │
├───────────────────────────────────────────────────────────────╯
[telegram] autoSelectFamily=true (default-node22)
[telegram] dnsResultOrder=ipv4first (default-node22)
✅ Sent via Telegram. Message ID: 932
│
◇  Doctor warnings ─────────────────────────────────────────────╮
│                                                               │
│  - State dir migration skipped: target already exists         │
│    (/home/adiroyroy143/.openclaw). Remove or merge manually.  │
│                                                               │
├───────────────────────────────────────────────────────────────╯
[telegram] autoSelectFamily=true (default-node22)
[telegram] dnsResultOrder=ipv4first (default-node22)
✅ Sent via Telegram. Message ID: 935
│
◇  Doctor warnings ─────────────────────────────────────────────╮
│                                                               │
│  - State dir migration skipped: target already exists         │
│    (/home/adiroyroy143/.openclaw). Remove or merge manually.  │
│                                                               │
├───────────────────────────────────────────────────────────────╯
[telegram] autoSelectFamily=true (default-node22)
[telegram] dnsResultOrder=ipv4first (default-node22)
✅ Sent via Telegram. Message ID: 936
│
◇  Doctor warnings ─────────────────────────────────────────────╮
│                                                               │
│  - State dir migration skipped: target already exists         │
│    (/home/adiroyroy143/.openclaw). Remove or merge manually.  │
│                                                               │
├───────────────────────────────────────────────────────────────╯
[telegram] autoSelectFamily=true (default-node22)
[telegram] dnsResultOrder=ipv4first (default-node22)
✅ Sent via Telegram. Message ID: 937
│
◇  Doctor warnings ─────────────────────────────────────────────╮
│                                                               │
│  - State dir migration skipped: target already exists         │
│    (/home/adiroyroy143/.openclaw). Remove or merge manually.  │
│                                                               │
├───────────────────────────────────────────────────────────────╯
[telegram] autoSelectFamily=true (default-node22)
[telegram] dnsResultOrder=ipv4first (default-node22)
✅ Sent via Telegram. Message ID: 940
│
◇  Doctor warnings ─────────────────────────────────────────────╮
│                                                               │
│  - State dir migration skipped: target already exists         │
│    (/home/adiroyroy143/.openclaw). Remove or merge manually.  │
│                                                               │
├───────────────────────────────────────────────────────────────╯
[telegram] autoSelectFamily=true (default-node22)
[telegram] dnsResultOrder=ipv4first (default-node22)
✅ Sent via Telegram. Message ID: 941
│
◇  Doctor warnings ─────────────────────────────────────────────╮
│                                                               │
│  - State dir migration skipped: target already exists         │
│    (/home/adiroyroy143/.openclaw). Remove or merge manually.  │
│                                                               │
├───────────────────────────────────────────────────────────────╯
[telegram] autoSelectFamily=true (default-node22)
[telegram] dnsResultOrder=ipv4first (default-node22)
✅ Sent via Telegram. Message ID: 942
│
◇  Doctor warnings ─────────────────────────────────────────────╮
│                                                               │
│  - State dir migration skipped: target already exists         │
│    (/home/adiroyroy143/.openclaw). Remove or merge manually.  │
│                                                               │
├───────────────────────────────────────────────────────────────╯
[telegram] autoSelectFamily=true (default-node22)
[telegram] dnsResultOrder=ipv4first (default-node22)
✅ Sent via Telegram. Message ID: 945
│
◇  Doctor warnings ─────────────────────────────────────────────╮
│                                                               │
│  - State dir migration skipped: target already exists         │
│    (/home/adiroyroy143/.openclaw). Remove or merge manually.  │
│                                                               │
├───────────────────────────────────────────────────────────────╯
[telegram] autoSelectFamily=true (default-node22)
[telegram] dnsResultOrder=ipv4first (default-node22)
✅ Sent via Telegram. Message ID: 946
│
◇  Doctor warnings ─────────────────────────────────────────────╮
│                                                               │
│  - State dir migration skipped: target already exists         │
│    (/home/adiroyroy143/.openclaw). Remove or merge manually.  │
│                                                               │
├───────────────────────────────────────────────────────────────╯
[telegram] autoSelectFamily=true (default-node22)
[telegram] dnsResultOrder=ipv4first (default-node22)
✅ Sent via Telegram. Message ID: 947
