[master 19f8053] Update US business leads: 50/1000
 1 file changed, 40 insertions(+)
To https://github.com/sakshamchrono/btc-alpha-lab
   97899bb..19f8053  master -> master
[master 204b46c] Update US business leads: 100/1000
 1 file changed, 50 insertions(+)
To https://github.com/sakshamchrono/btc-alpha-lab
   19f8053..204b46c  master -> master
[master cc298a9] Update US business leads: 150/1000
 1 file changed, 50 insertions(+)
To https://github.com/sakshamchrono/btc-alpha-lab
   204b46c..cc298a9  master -> master
Starting scraper. Current leads: 10/1000
Found [11]: info@hulendental.com - fortdentaltx.com
Found [12]: admin@cloptoncpa.com - cloptoncpa.com
Found [13]: uptown@getwaverly.com - getwaverlydental.com
Found [14]: info@plexusdentalplano.com - plexusdentalplano.com
Found [15]: scott.r.evans@nm.com - northwesternmutual.com
Found [16]: bootstrap@5.3.2 - wellstar.org
Found [17]: powerhealthreno@gmail.com - renochiropractic.com
Found [18]: mark.webster@wellsfargoadvisors.com - home.wellsfargoadvisors.com
Found [19]: content-api@1.3.8 - buckheadorthodontics.com
Found [20]: victoria@vandersonlaw.com - vandersonlaw.com
Found [21]: welovenumbers@freshstartcpa.com - freshstartcpa.com
Found [22]: hardinglaw@aol.com - hardingattorneys.com
Found [23]: info@vsecindy.com - vsecindy.com
Found [24]: select2@4.1.0-rc.0 - dentaworkshawaii.com
Found [25]: info@josfamilylaw.com - josfamilylaw.com
Found [26]: info@anchorcincy.com - makeawavecincy.com
Found [27]: info@downtownhoustondentist.com - downtownhoustondentist.com
Found [28]: pbaker@lawbaker.com - bakerandbakerpc.com
Found [29]: emailus@bwfa.com - bwfa.com
Found [30]: info@hummertfinancial.com - hummertfinancial.com
Found [31]: scrollreveal@4.0.5 - klassencorp.com
Found [32]: info@thewellchiropracticclinic.com - thewellchiropracticclinic.com
Found [33]: info@wealthoklahoma.com - wealthoklahoma.com
Found [34]: info@dentalsmilesofnc.com - dentalsmilesofnc.com
Found [35]: customerservice@mncpa.org - mncpa.org
Found [36]: info@fortworthdental.com - fortworthdental.com
Found [37]: vue@2.6.10 - glendalegentledentistry.com
Found [38]: info@shadearch.com - shadearch.com
Found [39]: sales@federico.net - federico.net
Found [40]: info@infoworks-tn.com - infoworks-tn.com
Found [41]: info@citychirocenter.com - citychirocenter.com
Found [42]: dtakeno@migrationcounsel.com - migrationcounsel.com
Found [43]: maile@hirotaimmigration.com - hawaiiimmigrationlaw.com
Found [44]: info@wearetriad.com - wearetriad.com
Found [45]: irving-permits@irvingtx.gov - irvingtx.gov
Found [46]: info@ghc-arch.com - grace-design.com
Found [47]: customerservice@missionpediatrics.com - missionpediatrics.com
Found [48]: gc@moorephysicaltherapy.com - moorephysicaltherapy.com
Found [49]: fhmnaar@pbinpcn.pbz - covacpa.com
Found [50]: intake@osipt.com - osipt.com
Found [51]: contact@arcadiaorthoaz.com - arcadiaorthoaz.com
Found [52]: nancy.aguayo@swchiro.com - elpasochiropractors.com
Found [53]: l.crabtree@meazellfirm.com - meazellfirm.com
Found [54]: mchaiken@chaikenlegalgroup.com - chaikenlegalgroup.com
Found [55]: nvcpa@nevadacpa.org - nevadacpa.org
Found [56]: legal@countingworks.com - malikcpaandadvisor.com
Found [57]: brookhurstanimal@gmail.com - brookhurstanimal.com
Found [58]: cwsong@aspyrewealth.com - aspyrewealth.com
Found [59]: dcdennis@bdflawfirm.com - bdflawfirm.com
Found [60]: webmaster@pediatrics.wisc.edu - pediatrics.wisc.edu
Found [61]: masonry-layout@4.2.2 - divorceattorneyinscottsdale.com
Found [62]: lubbock@dpttherapy.com - dpttherapy.com
Found [63]: frontdesk@implantkingdds.com - implantkingdds.com
Found [64]: info@alignrightchiropractic.com - dallaschiropractor.com
Found [65]: ebaybik@baybiklawgroup.com - baybiklawgroup.com
Found [66]: ortho@willowbendbraces.com - willowbendbraces.com
Found [67]: lambfamilydental@gmail.com - dentalboise.com
Found [68]: contact@bdsak.com - bdsak.com
Found [69]: 5083330611@tmomail.net - divorcelawyerma.com
Found [70]: rwimmig@sbcglobal.net - walker-nunez.com
Found [71]: wgjgrp@yjblaw.com - yjblaw.com
Found [72]: attybella1@gmail.com - bellareyes.com
Found [73]: careteam@vetsjacksonville.com - vetsjacksonville.com
Found [74]: support@immigrationadvocates.org - immigrationadvocates.org
Found [75]: info@mgtus.com - mgt.us
Found [76]: work@renolawfirm.com - renolawfirm.com
Found [77]: wght@200..700 - dentistindallastx.com
Found [78]: forwarding@pro.houzz.com - houzz.com
Found [79]: info@dermcentereastbay.com - dermcentereastbay.com
Found [80]: tulsa311@cityoftulsa.org - cityoftulsa.org
Found [81]: ol-mapbox-style@13.0.1 - desmoines-dentalassociates.com
Found [82]: info@louisiana.cpa - louisiana.cpa
Found [83]: customerservice@iveymcclellan.com - iveymcclellan.com
Found [84]: intersection-observer@0.7.0 - mayflowermedicalgroup.com
Found [85]: pi@griconsultinggroup.com - allbiz.com
Found [86]: web@yourptm.com - yourptm.com
Found [87]: info@weomedia.com - madisonfamilydental.com
Found [88]: bscheuer@ttilaw.com - ttilaw.com
Found [89]: shanghai@dahlingroup.com.cn - dahlingroup.com
Found [90]: info@fpflawyers.com - feintuchlawfirm.com
Found [91]: info@alikhanlaw.com - alikhanlaw.com
Found [92]: bootstrap-icons@1.11.3 - epsmiles.com
Found [93]: 20jane.doe@ohio.gov - arc.ohio.gov
Found [94]: customerserviceteamleader@petwellatl.com - petwellatl.com
Found [95]: office@houghlawoffices.com - houghlawoffice.com
Found [96]: admin@dpcpallc.com - dpcpallc.com
Found [97]: info@truenorthimmigrationlaw.com - truenorthimmigrationlaw.com
Found [98]: info@sdcseattle.com - summitdentalcareseattle.com
Found [99]: lavitacf@gmail.com - lapl.org
Found [100]: preston.hoff@floridafa.com - fourcornersfa.com
Found [101]: info@lasvegasdentalgroup.com - lasvegasdentalgroup.com
Found [102]: info@hauptmanarchitecture.com - hauptmanarchitecture.com
Found [103]: legal@countingworks.com - supremetaxandfinance.com
Found [104]: office@laskylawfirm.com - laskylawfirm.com
Found [105]: bootstrap-icons@1.10.5 - orthopedic.io
Found [106]: info@scottsdaleptperformance.com - scottsdaleptperformance.com
Found [107]: info@vitals.com - vitals.com
Found [108]: core-js-bundle@3.2.1 - soudersfinancial.com
Found [109]: info@dentalprostucson.com - mydentalpros.net
Found [110]: support@webador.com - taxprepbytia.com
Found [111]: rwm@irsprob.com - irsprob.com
Found [112]: ray@boiseattorney.com - boiseattorney.com
Found [113]: ccpconfidential@chp.edu - childrenspeds.com
Found [114]: drupal-bootstrap-styles@0.0.2 - pediatrics.pitt.edu
Found [115]: dcarlsson@google.com - magellanadvisory.com
Found [116]: info@retirementplanning.net - allfinancialadvisors.com
Found [117]: dcarlsson@google.com - gibbshoustonpauw.com
Found [118]: adiasmith@s3consultingsolutions.com - s3consultingsolutions.com
Found [119]: info@newfrontierconsult.com - newfrontierconsult.com
Found [120]: info@hillhealth.com - hillhealth.com
Found [121]: dermassocin@yahoo.com - dermassocin.com
Found [122]: infonow@roberts.cpa - roberts.cpa
Found [123]: info@iamyourtaxpro.com - iamyourtaxpro.com
Found [124]: bootstrap@5.3.3 - kingcompanies.net
Found [125]: contact-to-danville@triadorthodontics.com - triadorthodontics.com
Found [126]: pmc+sclhealth@svc.kyruus.com - doctors.intermountainhealth.org
Found [127]: rfarias@vallslaw.com - vallsandmarroquin.com
Found [128]: drsmith@tailoredtouchlv.com - tailoredtouchlv.com
Found [129]: braces@orthomadison.com - orthomadison.com
Found [130]: mfavazza@anderson-gilbert.com - anderson-gilbert.com
Found [131]: contact@evans-dixon.com - evans-dixon.com
Found [132]: slaton@slatonroebuck.com - slatonroebuck.com
Found [133]: bootstrap@5.3.3 - beckmanlawson.com
Found [134]: law.office@cdlaw.pro - cdlaw.pro
Found [135]: lawyers@dnslwc.com - dnslwc.com
Found [136]: ssieger@crossroads-fl.com - crossroads-fl.com
Found [137]: downtowndental@confidentalmke.com - confidentalmke.com
Found [138]: info@atlantadentalcenter.com - atlantadentalcenter.com
Found [139]: digitalmarketing@paconsulting.com - paconsulting.com
Found [140]: mobar@mobar.org - mobar.org
Found [141]: info@magnoliatherapyla.com - magnoliatherapyla.com
Found [142]: info@columbusorthodonticcenter.com - columbusorthodonticcenter.com
Found [143]: info@polarisorthodonticcenter.com - polarisorthodonticcenter.com
Found [144]: your-address@email.com - lltcpa.com
Found [145]: rdolaw@gmail.com - theoverstreetlawfirm.com
Found [146]: mcraven@harrisonheld.com - divorcelawyerschicago.org
Found [147]: websiteseo@rehabceos.com - arlingtonpt.com
Found [148]: info@consulting.com - immigrationvisaattorneys.com
Found [149]: hello@spineandwellness.co - spineandwellness.co
Found [150]: anthony@avilaphysicaltherapy.com - avilaphysicaltherapy.com
Found [151]: info@wegmanlaw.com - wegmanlaw.com
[master 72ce4c7] Update US business leads: 200/1000
 1 file changed, 2 insertions(+)
To https://github.com/sakshamchrono/btc-alpha-lab
   d52e5c1..72ce4c7  master -> master
[master 291a0e7] Update US business leads: 250/1000
 1 file changed, 50 insertions(+)
To https://github.com/sakshamchrono/btc-alpha-lab
   72ce4c7..291a0e7  master -> master
Found [152]: info@premierptjax.com - premierptjax.com
Found [153]: info@polarisptphx.com - polarisptphx.com
Found [154]: suburbanchiropractic@gmail.com - suburbanchiroscs.com
Found [155]: mmpm@finemccracken.com - fflmlaw.com
Found [156]: careers@codeworks-inc.com - codeworks-inc.com
Found [157]: gsap@3.12.5 - pyramidci.com
Found [158]: nick@wpgmaps.com - pediatrickare.com
Found [159]: contact@alienattorney.com - alienattorney.com
Found [160]: info@amdarchitects.com - amdarchitects.com
Found [161]: frontdesk@ptpittsburgh.com - ptpittsburgh.com
Found [162]: taxpio@tax.state.nv.us - tax.nv.gov
Found [163]: hd_clinicreferrals@pima.gov - pima.gov
Found [164]: pdcalls@proton.me - pittsburghdentistry.org
Found [165]: info@oasisorthoaz.com - oasisorthoaz.com
Found [166]: alpine@v2.x.x - lindseycpa.com
Found [167]: oneil@ogdlaw.com - ogdlaw.com
Found [168]: frontdesk@nevadaderm.com - nevadaderm.com
Found [169]: aklotz@conroysimberg.com - conroysimberg.com
Found [170]: madisonchironorth@gmail.com - madisonchironorth.com
Found [171]: billing@strategylaw.com - strategylaw.com
Found [172]: info@clarktaxonline.com - clarktaxonline.com
Found [173]: bracesomaha@gmail.com - bracesomaha.com
Found [174]: taxes@snapbacktaxservice.com - go.snapbacktaxservice.com
Found [175]: dallas@nortonandbowers.com - westernstateslaw.com
Found [176]: webmaster@utoledo.edu - utoledo.edu
Found [177]: info@nevpt.com - nevpt.com
Found [178]: info@marinanimalclinic.com - marinaanimalclinic.com
Found [179]: u00a0info@physicaltherapylouisville.comfax - physicaltherapylouisville.com
Found [180]: info@allaboutsmilesortho.com - allaboutsmilesortho.com
Found [181]: latashaward@kashdouttax.com - kashdouttax.com
Found [182]: christina@sandvosslaw.com - sandvosslaw.com
Found [183]: aernest@ernestlawgroup.net - ernestlawgroup.net
Found [184]: defer.js@2.6.0 - riedpt.com
Found [185]: info@mvdentalcare.com - mvdentalcare.com
Found [186]: aecreno@gmail.com - aecreno.com
Found [187]: info@ridgleaveterinary.com - ridgleaveterinary.com
Found [188]: odr@dc.gov - odr.dc.gov
Found [189]: kburkart@burkartfinancial.com - burkartfinancial.com
Found [190]: mail@raleighchamber.org - web.raleighchamber.org
Found [191]: desireascott@yahoo.com - denverorthodonticsdentallounge.com
Found [192]: kirby@immigrationissues.com - immigrationissues.com
Found [193]: info@spocsorthodontics.com - spocsorthodontics.com
Found [194]: info@copleychiropractic.com - copleychiropractic.com
Found [195]: baltimoredentalllc@gmail.com - baltimoredentalllc.com
Found [196]: careers@northmemorial.com - northmemorial.com
Found [197]: info@smdtechnosol.com - smdtechnosol.com
Found [198]: mewheeler77@gmail.com - peggswheeler.com
Found [199]: david@immigrationbg.com - immigrationky.us
Found [200]: info@tullylegal.com - tullylegal.com
Found [201]: contactus@cutlercpas.com - cutlercpas.com
Found [202]: select2@4.1.0-rc.0 - smilecarefamilydentistry.com
Found [203]: information@sculptupt.com - sculptupt.com
Found [204]: agreenwell@harris-greenwell.com - harris-greenwell.com
Found [205]: contact@bytescraper.com - bytescraper.com
Found [206]: info@seattleselitept.com - seattleselitept.com
Found [207]: uryyb@gpf-pcn.pbz - tcs-cpa.com
Found [208]: sphillips@alm.com - philadelphiabar.org
Found [209]: support@freeclinics.com - freeclinics.com
Found [210]: info@linear-architecture.com - linear-architecture.com
Found [211]: legal@countingworks.com - florellandbarnhard.com
Found [212]: info@atlantaorthopedicinstitute.com - aoiphysicaltherapy.com
Found [213]: fresno@mavericksorthodontics.com - mavericksorthodontics.com
Found [214]: frontdesk@libertyptnj.com - libertyptnj.com
Found [215]: info@bmoredentalarts.com - baltimoredentalarts.com
Found [216]: themify-icons@0.1.2 - lacourt.ca.gov
Found [217]: info@allpetnoahs.com - allpetnoahs.com
Found [218]: vita.taxhelp@phoenix.gov - cityofphoenixvita.simplybook.me
Found [219]: linda@chrzanlaw.com - chrzanlaw.com
Found [220]: staff@greensborospinechiro.com - greensborospinechiro.com
Found [221]: cchiro@hotmail.com - nathanchirocenter.com
Found [222]: info@sentinelra.com - sentinelra.com
Found [223]: manager@centraliowadermatology.com - centraliowadermatology.com
Found [224]: info@losconsultingagency.com - losconsultingagency.com
Found [225]: info@exploreortho.com - exploreortho.com
Found [226]: info@picpa.org - picpa.org
Found [227]: ui@5.0 - trapolinpeer.com
Found [228]: wght@100..900 - deloitte.com
Found [229]: leads@gonzalezolivierillc.com - gonzalezolivierillc.com
Found [230]: contact@cacfinancialservices.com - cacfinancialservices.com
Found [231]: info@beltwayortho.com - beltwayortho.com
Found [232]: admin@pelayotax.com - pelayotaxes.com
Found [233]: kevin@amblerlaw.com - amblerlaw.com
Found [234]: frontdesk@purposephysicaltherapy.com - purposephysicaltherapy.com
Found [235]: consult@louisvilledivorce.com - louisvilledivorce.com
Found [236]: contactus@lifelongmedical.org - mh.networkofcare.org
Found [237]: bootstrap-icons@1.10.3 - micasitataxes.com
Found [238]: info@artmuseumvet.com - artmuseumvet.com
Found [239]: taxfinitygroup@gmail.com - taxfinitygroupinc.com
Found [240]: marketing@hallboothsmith.com - hallboothsmith.com
Found [241]: privacy@countingworks.com. - fandco.com
Found [242]: kmosher@thompsoncoe.com - thompsoncoe.com
Found [243]: info@midtownvet.com - midtownvet.com
Found [244]: accessibility@pfw.edu - catalog.pfw.edu
Found [245]: consult@gossassociates.com. - gossimmigration.com
Found [246]: wght@9..144 - archvet.com
Found [247]: info@jabodziak.com - jabodziak.com
Found [248]: contact@calkidspeds.com - calkidspeds.com
Found [249]: bc@oreillylawgroup.com - oreillylawgroup.com
Found [250]: admin@bankslaw.com - bankslawfirm.com
Found [251]: xxx@xxx.xxx. - locations.merrilledge.com
Found [252]: robert@carolinatax.net - carolinatax.net
Found [253]: sagedentalnv@outlook.com - sagedentalnv.com
Found [254]: info@donaldjewell.com. - donaldjewell.com
Found [255]: tori@aphlaw.com - aphlaw.com
Found [256]: office@iowadentalgroup.com - iowadentalgroup.com
Found [257]: info@memphisbar.org - memphisbar.org
Found [258]: info@pinnacledentistryco.com - pinnacledentistryco.com
Found [259]: info@iconma.com - iconma.com
Found [260]: dorothy@progressivecare.com - progressivecare.com
Found [261]: norrise5@cox.net - gactaxaz.com
Found [262]: info@thehomevetmiami.com - thehomevetmiami.com
Found [263]: g.matta@slidearts.com - acre-design.com
Found [264]: customerservice@greensboro-dentist.com - greensboro-dentist.com
Found [265]: info@architectonicsstudio.com - architectonicsstudio.com
Found [266]: jmarovich@marovichlaw.com - marovichlaw.com
Found [267]: legal@countingworks.com - fideliscpa.com
Found [268]: generalinfo@stonebrookdental.com - stonebrookdental.com
Found [269]: mshoffer@gkplaw.net - gkandp.com
Found [270]: springs@platinumdentalservices.com - dentistcoloradosprings.com
Found [271]: info@trautmanassociates.com - trautmanassociates.com
Found [272]: actionrehaboffice@gmail.com - actionrehabhawaii.com
Found [273]: pabner@kirschcpa.com - kirschcpa.com
Found [274]: wght@400..900 - flcourts.gov
Found [275]: marc@baillyandbailly.com - baillyandbailly.com
Found [276]: gwl@linnenbringerlaw.com - linnenbringerlaw.com
Found [277]: teresa@shiltslaw.com - shiltslaw.com
Found [278]: info@gbwlaw.com - gabrielberrywestonlaw.com
Found [279]: info@tmpartners.com - tmpartners.com
Found [280]: info@commonwealthsmiles.com - lexingtonky.dental
Found [281]: appt@tebbyclinic.com - tebbyclinic.com
Found [282]: masonry-layout@4.2.2 - blc.ge
Found [283]: officemanager@emoregon.org - form.jotform.com
Found [284]: slick-carousel@1.8.1 - chiroone.com
Found [285]: angelogallinajr@gmail.com - angelogallinataxman.com
Found [286]: nqzva@senapxrpcn.pbz - franckecpa.com
Found [287]: st-accountancy@pa.gov - catalog.upp.pitt.edu
Found [288]: xx@xxxx.xx - alaskaregional.com
Found [289]: office@devonshiredental.net - devonshiredental.net
Found [290]: edwardo@mezalawfirm.com - mezalawfirm.com
Found [291]: rockhillpetclinic@rockhillpetclinic.com - rockhillpetclinic.com
Found [292]: info@northwestanimalclinic.com - northwestanimalclinic.com
Found [293]: blvdanimal@gmail.com - boulevardanimal.com
